<?xml version="1.0" encoding="UTF-8"?>
<!-- Generated by org.testng.reporters.JUnitXMLReporter -->
<testsuite ignored="0" hostname="DESKTOP-I91AM2E" failures="0" tests="8" name="Default test" time="104.525" errors="0" timestamp="2025-05-08T02:34:04 GMT+06:00">
  <testcase classname="execution.TestExecution" name="loginFunctionality" time="2.307"/>
  <testcase classname="execution.TestExecution" name="loginNegative" time="4.519"/>
  <testcase classname="execution.TestExecution" name="AddToCart" time="8.616"/>
  <testcase classname="execution.TestExecution" name="CheckOut" time="14.051"/>
  <testcase classname="execution.TestExecution" name="Sorting_Products" time="19.063"/>
  <testcase classname="execution.TestExecution" name="LogoutFunctionalityTest" time="8.557"/>
  <testcase classname="execution.TestExecution" name="LockedOutUserValidation" time="4.301"/>
  <testcase classname="execution.TestExecution" name="CartBadgeCountValidation" time="6.457"/>
</testsuite> <!-- Default test -->
